<?xml version="1.0" encoding="UTF-8"?>
<!-- Generated by org.testng.reporters.JUnitXMLReporter -->
<testsuite ignored="0" hostname="Radhil_M_R" failures="1" tests="3" name="Test" time="0.887" errors="0" timestamp="2025-04-11T20:14:28 IST">
  <testcase classname="testscript.LoginTest" name="verifyWhetherUserIsAbleLoginSuccessfullywithValidUsernameandValidPassword" time="0.762">
    <skipped/>
  </testcase> <!-- verifyWhetherUserIsAbleLoginSuccessfullywithValidUsernameandValidPassword -->
  <testcase classname="testscript.LoginTest" name="verifyWhetherUserIsAbleLoginSuccessfullywithValidUsernameandValidPassword" time="0.034">
    <skipped/>
  </testcase> <!-- verifyWhetherUserIsAbleLoginSuccessfullywithValidUsernameandValidPassword -->
  <testcase classname="testscript.LoginTest" name="verifyWhetherUserIsAbleLoginSuccessfullywithValidUsernameandValidPassword" time="0.023">
    <failure type="java.lang.NullPointerException" message="Cannot invoke &amp;quot;org.apache.poi.xssf.usermodel.XSSFSheet.getRow(int)&amp;quot; because &amp;quot;utilities.ExcelUtility.sh&amp;quot; is null">
      <![CDATA[java.lang.NullPointerException: Cannot invoke "org.apache.poi.xssf.usermodel.XSSFSheet.getRow(int)" because "utilities.ExcelUtility.sh" is null
at utilities.ExcelUtility.getString(ExcelUtility.java:53)
at testscript.LoginTest.verifyWhetherUserIsAbleLoginSuccessfullywithValidUsernameandValidPassword(LoginTest.java:20)
at java.base/java.util.ArrayList.forEach(ArrayList.java:1596)
... Removed 25 stack frames]]>
    </failure>
  </testcase> <!-- verifyWhetherUserIsAbleLoginSuccessfullywithValidUsernameandValidPassword -->
</testsuite> <!-- Test -->
